<?xml version="1.0" encoding="UTF-8"?>
<coverage generated="1555184255586" clover="3.2.0">
  <project timestamp="1555184255586" name="All files">
    <metrics statements="206" coveredstatements="199" conditionals="19" coveredconditionals="17" methods="95" coveredmethods="66" elements="320" coveredelements="282" complexity="0" loc="206" ncloc="206" packages="3" files="13" classes="13">
      <package name="src">
        <metrics statements="13" coveredstatements="13" conditionals="6" coveredconditionals="5" methods="0" coveredmethods="0"/>
        <file name="config.ts" path="/Users/utting/htdocs/ash/self/src/config.ts">
          <metrics statements="4" coveredstatements="4" conditionals="6" coveredconditionals="5" methods="0" coveredmethods="0"/>
          <line num="4" count="4" type="cond" truecount="2" falsecount="0"/>
          <line num="5" count="4" type="stmt"/>
          <line num="6" count="4" type="cond" truecount="1" falsecount="1"/>
          <line num="8" count="4" type="stmt"/>
        </file>
        <file name="constants.ts" path="/Users/utting/htdocs/ash/self/src/constants.ts">
          <metrics statements="9" coveredstatements="9" conditionals="0" coveredconditionals="0" methods="0" coveredmethods="0"/>
          <line num="1" count="4" type="stmt"/>
          <line num="2" count="4" type="stmt"/>
          <line num="3" count="4" type="stmt"/>
          <line num="4" count="4" type="stmt"/>
          <line num="6" count="4" type="stmt"/>
          <line num="7" count="4" type="stmt"/>
          <line num="8" count="4" type="stmt"/>
          <line num="9" count="4" type="stmt"/>
          <line num="10" count="4" type="stmt"/>
        </file>
      </package>
      <package name="src.api">
        <metrics statements="39" coveredstatements="35" conditionals="0" coveredconditionals="0" methods="21" coveredmethods="0"/>
        <file name="anger.ts" path="/Users/utting/htdocs/ash/self/src/api/anger.ts">
          <metrics statements="6" coveredstatements="6" conditionals="0" coveredconditionals="0" methods="4" coveredmethods="0"/>
          <line num="1" count="4" type="stmt"/>
          <line num="2" count="4" type="stmt"/>
          <line num="4" count="4" type="stmt"/>
          <line num="5" count="4" type="stmt"/>
          <line num="6" count="4" type="stmt"/>
          <line num="7" count="4" type="stmt"/>
        </file>
        <file name="armor.ts" path="/Users/utting/htdocs/ash/self/src/api/armor.ts">
          <metrics statements="6" coveredstatements="6" conditionals="0" coveredconditionals="0" methods="4" coveredmethods="0"/>
          <line num="1" count="4" type="stmt"/>
          <line num="2" count="4" type="stmt"/>
          <line num="4" count="4" type="stmt"/>
          <line num="5" count="4" type="stmt"/>
          <line num="6" count="4" type="stmt"/>
          <line num="7" count="4" type="stmt"/>
        </file>
        <file name="boundary.ts" path="/Users/utting/htdocs/ash/self/src/api/boundary.ts">
          <metrics statements="6" coveredstatements="6" conditionals="0" coveredconditionals="0" methods="4" coveredmethods="0"/>
          <line num="1" count="4" type="stmt"/>
          <line num="2" count="4" type="stmt"/>
          <line num="4" count="4" type="stmt"/>
          <line num="5" count="4" type="stmt"/>
          <line num="6" count="4" type="stmt"/>
          <line num="7" count="4" type="stmt"/>
        </file>
        <file name="index.ts" path="/Users/utting/htdocs/ash/self/src/api/index.ts">
          <metrics statements="5" coveredstatements="5" conditionals="0" coveredconditionals="0" methods="0" coveredmethods="0"/>
          <line num="1" count="4" type="stmt"/>
          <line num="2" count="4" type="stmt"/>
          <line num="3" count="4" type="stmt"/>
          <line num="4" count="4" type="stmt"/>
          <line num="5" count="4" type="stmt"/>
        </file>
        <file name="selfPity.ts" path="/Users/utting/htdocs/ash/self/src/api/selfPity.ts">
          <metrics statements="6" coveredstatements="6" conditionals="0" coveredconditionals="0" methods="4" coveredmethods="0"/>
          <line num="1" count="4" type="stmt"/>
          <line num="2" count="4" type="stmt"/>
          <line num="4" count="4" type="stmt"/>
          <line num="5" count="4" type="stmt"/>
          <line num="6" count="4" type="stmt"/>
          <line num="7" count="4" type="stmt"/>
        </file>
        <file name="vulnerability.ts" path="/Users/utting/htdocs/ash/self/src/api/vulnerability.ts">
          <metrics statements="10" coveredstatements="6" conditionals="0" coveredconditionals="0" methods="5" coveredmethods="0"/>
          <line num="1" count="4" type="stmt"/>
          <line num="2" count="4" type="stmt"/>
          <line num="4" count="4" type="stmt"/>
          <line num="5" count="0" type="stmt"/>
          <line num="6" count="4" type="stmt"/>
          <line num="7" count="0" type="stmt"/>
          <line num="8" count="4" type="stmt"/>
          <line num="9" count="0" type="stmt"/>
          <line num="10" count="4" type="stmt"/>
          <line num="13" count="0" type="stmt"/>
        </file>
      </package>
      <package name="src.classes">
        <metrics statements="154" coveredstatements="151" conditionals="13" coveredconditionals="12" methods="74" coveredmethods="66"/>
        <file name="Guardian.ts" path="/Users/utting/htdocs/ash/self/src/classes/Guardian.ts">
          <metrics statements="29" coveredstatements="29" conditionals="3" coveredconditionals="2" methods="15" coveredmethods="14"/>
          <line num="1" count="2" type="stmt"/>
          <line num="2" count="2" type="stmt"/>
          <line num="3" count="2" type="stmt"/>
          <line num="4" count="2" type="stmt"/>
          <line num="6" count="8" type="cond" truecount="2" falsecount="1"/>
          <line num="7" count="8" type="stmt"/>
          <line num="8" count="8" type="stmt"/>
          <line num="9" count="8" type="stmt"/>
          <line num="10" count="2" type="stmt"/>
          <line num="11" count="8" type="stmt"/>
          <line num="16" count="8" type="stmt"/>
          <line num="17" count="3" type="stmt"/>
          <line num="18" count="3" type="stmt"/>
          <line num="19" count="3" type="stmt"/>
          <line num="21" count="8" type="stmt"/>
          <line num="22" count="13" type="stmt"/>
          <line num="23" count="13" type="stmt"/>
          <line num="25" count="8" type="stmt"/>
          <line num="26" count="3" type="stmt"/>
          <line num="27" count="8" type="stmt"/>
          <line num="28" count="7" type="stmt"/>
          <line num="29" count="8" type="stmt"/>
          <line num="30" count="3" type="stmt"/>
          <line num="31" count="8" type="stmt"/>
          <line num="33" count="1" type="stmt"/>
          <line num="34" count="3" type="stmt"/>
          <line num="35" count="1" type="stmt"/>
          <line num="37" count="1" type="stmt"/>
          <line num="38" count="2" type="stmt"/>
        </file>
        <file name="Seeker.ts" path="/Users/utting/htdocs/ash/self/src/classes/Seeker.ts">
          <metrics statements="28" coveredstatements="27" conditionals="3" coveredconditionals="3" methods="15" coveredmethods="12"/>
          <line num="1" count="1" type="stmt"/>
          <line num="2" count="1" type="stmt"/>
          <line num="3" count="1" type="stmt"/>
          <line num="4" count="1" type="stmt"/>
          <line num="5" count="1" type="stmt"/>
          <line num="7" count="6" type="cond" truecount="3" falsecount="0"/>
          <line num="8" count="6" type="stmt"/>
          <line num="9" count="6" type="stmt"/>
          <line num="10" count="6" type="stmt"/>
          <line num="11" count="1" type="stmt"/>
          <line num="12" count="6" type="stmt"/>
          <line num="17" count="6" type="stmt"/>
          <line num="18" count="10" type="stmt"/>
          <line num="19" count="10" type="stmt"/>
          <line num="21" count="6" type="stmt"/>
          <line num="22" count="2" type="stmt"/>
          <line num="23" count="2" type="stmt"/>
          <line num="24" count="2" type="stmt"/>
          <line num="26" count="6" type="stmt"/>
          <line num="27" count="3" type="stmt"/>
          <line num="28" count="6" type="stmt"/>
          <line num="29" count="4" type="stmt"/>
          <line num="30" count="6" type="stmt"/>
          <line num="31" count="3" type="stmt"/>
          <line num="32" count="6" type="stmt"/>
          <line num="34" count="0" type="stmt"/>
          <line num="36" count="4" type="stmt"/>
          <line num="37" count="1" type="stmt"/>
        </file>
        <file name="Self.ts" path="/Users/utting/htdocs/ash/self/src/classes/Self.ts">
          <metrics statements="57" coveredstatements="57" conditionals="2" coveredconditionals="2" methods="26" coveredmethods="24"/>
          <line num="1" count="4" type="stmt"/>
          <line num="2" count="4" type="stmt"/>
          <line num="9" count="4" type="stmt"/>
          <line num="11" count="38" type="stmt"/>
          <line num="12" count="34" type="stmt"/>
          <line num="13" count="4" type="stmt"/>
          <line num="14" count="34" type="stmt"/>
          <line num="15" count="34" type="stmt"/>
          <line num="16" count="34" type="stmt"/>
          <line num="17" count="34" type="stmt"/>
          <line num="18" count="34" type="stmt"/>
          <line num="19" count="34" type="stmt"/>
          <line num="20" count="34" type="stmt"/>
          <line num="21" count="4" type="stmt"/>
          <line num="22" count="34" type="stmt"/>
          <line num="31" count="34" type="cond" truecount="2" falsecount="0"/>
          <line num="32" count="26" type="stmt"/>
          <line num="33" count="26" type="stmt"/>
          <line num="34" count="3" type="stmt"/>
          <line num="35" count="3" type="stmt"/>
          <line num="36" count="3" type="stmt"/>
          <line num="37" count="3" type="stmt"/>
          <line num="38" count="3" type="stmt"/>
          <line num="39" count="7" type="stmt"/>
          <line num="40" count="5" type="stmt"/>
          <line num="41" count="12" type="stmt"/>
          <line num="42" count="12" type="stmt"/>
          <line num="43" count="4" type="stmt"/>
          <line num="45" count="11" type="stmt"/>
          <line num="46" count="11" type="stmt"/>
          <line num="47" count="11" type="stmt"/>
          <line num="48" count="11" type="stmt"/>
          <line num="51" count="34" type="stmt"/>
          <line num="52" count="21" type="stmt"/>
          <line num="53" count="21" type="stmt"/>
          <line num="55" count="34" type="stmt"/>
          <line num="56" count="3" type="stmt"/>
          <line num="57" count="34" type="stmt"/>
          <line num="58" count="4" type="stmt"/>
          <line num="59" count="34" type="stmt"/>
          <line num="60" count="14" type="stmt"/>
          <line num="61" count="34" type="stmt"/>
          <line num="63" count="12" type="stmt"/>
          <line num="64" count="4" type="stmt"/>
          <line num="66" count="4" type="stmt"/>
          <line num="67" count="33" type="stmt"/>
          <line num="68" count="33" type="stmt"/>
          <line num="70" count="34" type="stmt"/>
          <line num="71" count="3" type="stmt"/>
          <line num="72" count="34" type="stmt"/>
          <line num="73" count="4" type="stmt"/>
          <line num="74" count="34" type="stmt"/>
          <line num="75" count="26" type="stmt"/>
          <line num="76" count="34" type="stmt"/>
          <line num="78" count="12" type="stmt"/>
          <line num="79" count="4" type="stmt"/>
          <line num="82" count="4" type="stmt"/>
        </file>
        <file name="Smith.ts" path="/Users/utting/htdocs/ash/self/src/classes/Smith.ts">
          <metrics statements="36" coveredstatements="34" conditionals="5" coveredconditionals="5" methods="18" coveredmethods="16"/>
          <line num="1" count="3" type="stmt"/>
          <line num="2" count="3" type="stmt"/>
          <line num="3" count="3" type="stmt"/>
          <line num="10" count="3" type="stmt"/>
          <line num="12" count="13" type="cond" truecount="3" falsecount="0"/>
          <line num="13" count="13" type="stmt"/>
          <line num="14" count="13" type="stmt"/>
          <line num="15" count="13" type="stmt"/>
          <line num="16" count="13" type="stmt"/>
          <line num="17" count="3" type="stmt"/>
          <line num="18" count="13" type="stmt"/>
          <line num="24" count="13" type="stmt"/>
          <line num="25" count="19" type="stmt"/>
          <line num="26" count="19" type="stmt"/>
          <line num="27" count="19" type="stmt"/>
          <line num="29" count="13" type="stmt"/>
          <line num="30" count="3" type="stmt"/>
          <line num="31" count="3" type="stmt"/>
          <line num="32" count="13" type="stmt"/>
          <line num="33" count="4" type="stmt"/>
          <line num="34" count="4" type="stmt"/>
          <line num="35" count="13" type="cond" truecount="2" falsecount="0"/>
          <line num="37" count="6" type="stmt"/>
          <line num="38" count="6" type="stmt"/>
          <line num="40" count="6" type="stmt"/>
          <line num="41" count="13" type="stmt"/>
          <line num="43" count="2" type="stmt"/>
          <line num="44" count="2" type="stmt"/>
          <line num="45" count="2" type="stmt"/>
          <line num="46" count="0" type="stmt"/>
          <line num="47" count="28" type="stmt"/>
          <line num="48" count="8" type="stmt"/>
          <line num="49" count="2" type="stmt"/>
          <line num="50" count="2" type="stmt"/>
          <line num="53" count="0" type="stmt"/>
          <line num="54" count="3" type="stmt"/>
        </file>
        <file name="index.ts" path="/Users/utting/htdocs/ash/self/src/classes/index.ts">
          <metrics statements="4" coveredstatements="4" conditionals="0" coveredconditionals="0" methods="0" coveredmethods="0"/>
          <line num="1" count="3" type="stmt"/>
          <line num="2" count="3" type="stmt"/>
          <line num="3" count="3" type="stmt"/>
          <line num="4" count="3" type="stmt"/>
        </file>
      </package>
    </metrics>
  </project>
</coverage>
