{"/Users/utting/htdocs/ash/self/src/config.ts": {"path":"/Users/utting/htdocs/ash/self/src/config.ts","statementMap":{"0":{"start":{"line":4,"column":13},"end":{"line":4,"column":36}},"1":{"start":{"line":5,"column":15},"end":{"line":5,"column":29}},"2":{"start":{"line":6,"column":18},"end":{"line":6,"column":41}},"3":{"start":{"line":8,"column":0},"end":{"line":11,"column":2}}},"fnMap":{},"branchMap":{"0":{"loc":{"start":{"line":4,"column":19},"end":{"line":4,"column":26}},"type":"binary-expr","locations":[{"start":{"line":4,"column":19},"end":{"line":4,"column":26}},{"start":{"line":4,"column":30},"end":{"line":4,"column":35}}]},"1":{"loc":{"start":{"line":6,"column":27},"end":{"line":6,"column":29}},"type":"cond-expr","locations":[{"start":{"line":6,"column":27},"end":{"line":6,"column":29}},{"start":{"line":6,"column":35},"end":{"line":6,"column":41}}]},"2":{"loc":{"start":{"line":10,"column":23},"end":{"line":10,"column":40}},"type":"binary-expr","locations":[{"start":{"line":10,"column":23},"end":{"line":10,"column":40}},{"start":{"line":10,"column":44},"end":{"line":10,"column":87}}]}},"s":{"0":4,"1":4,"2":4,"3":4},"f":{},"b":{"0":[4,4],"1":[0,4],"2":[4,4]}}
,"/Users/utting/htdocs/ash/self/src/constants.ts": {"path":"/Users/utting/htdocs/ash/self/src/constants.ts","statementMap":{"0":{"start":{"line":1,"column":13},"end":{"line":1,"column":54}},"1":{"start":{"line":2,"column":13},"end":{"line":2,"column":42}},"2":{"start":{"line":3,"column":13},"end":{"line":3,"column":50}},"3":{"start":{"line":4,"column":13},"end":{"line":4,"column":48}},"4":{"start":{"line":6,"column":13},"end":{"line":6,"column":42}},"5":{"start":{"line":7,"column":13},"end":{"line":7,"column":73}},"6":{"start":{"line":8,"column":13},"end":{"line":8,"column":61}},"7":{"start":{"line":9,"column":13},"end":{"line":9,"column":64}},"8":{"start":{"line":10,"column":13},"end":{"line":10,"column":59}}},"fnMap":{},"branchMap":{},"s":{"0":4,"1":4,"2":4,"3":4,"4":4,"5":4,"6":4,"7":4,"8":4},"f":{},"b":{}}
,"/Users/utting/htdocs/ash/self/src/api/anger.ts": {"path":"/Users/utting/htdocs/ash/self/src/api/anger.ts","statementMap":{"0":{"start":{"line":1,"column":0},"end":{"line":8,"column":-1}},"1":{"start":{"line":1,"column":0},"end":{"line":1,"column":30}},"2":{"start":{"line":2,"column":8},"end":{"line":2,"column":25}},"3":{"start":{"line":4,"column":13},"end":{"line":4,"column":84}},"4":{"start":{"line":4,"column":38},"end":{"line":4,"column":83}},"5":{"start":{"line":5,"column":13},"end":{"line":5,"column":129}},"6":{"start":{"line":5,"column":50},"end":{"line":5,"column":128}},"7":{"start":{"line":6,"column":13},"end":{"line":6,"column":127}},"8":{"start":{"line":6,"column":49},"end":{"line":6,"column":126}},"9":{"start":{"line":7,"column":13},"end":{"line":7,"column":109}},"10":{"start":{"line":7,"column":41},"end":{"line":7,"column":108}}},"fnMap":{"0":{"name":"(anonymous_12)","decl":{"start":{"line":4,"column":24},"end":{"line":4,"column":29}},"loc":{"start":{"line":4,"column":34},"end":{"line":4,"column":83}}},"1":{"name":"(anonymous_15)","decl":{"start":{"line":5,"column":25},"end":{"line":5,"column":32}},"loc":{"start":{"line":5,"column":44},"end":{"line":5,"column":128}}},"2":{"name":"(anonymous_18)","decl":{"start":{"line":6,"column":24},"end":{"line":6,"column":31}},"loc":{"start":{"line":6,"column":43},"end":{"line":6,"column":126}}},"3":{"name":"(anonymous_21)","decl":{"start":{"line":7,"column":27},"end":{"line":7,"column":32}},"loc":{"start":{"line":7,"column":37},"end":{"line":7,"column":108}}}},"branchMap":{},"s":{"0":4,"1":4,"2":4,"3":4,"4":0,"5":4,"6":0,"7":4,"8":0,"9":4,"10":0},"f":{"0":0,"1":0,"2":0,"3":0},"b":{}}
,"/Users/utting/htdocs/ash/self/src/api/armor.ts": {"path":"/Users/utting/htdocs/ash/self/src/api/armor.ts","statementMap":{"0":{"start":{"line":1,"column":0},"end":{"line":7,"column":108}},"1":{"start":{"line":1,"column":0},"end":{"line":1,"column":30}},"2":{"start":{"line":2,"column":8},"end":{"line":2,"column":25}},"3":{"start":{"line":4,"column":13},"end":{"line":4,"column":84}},"4":{"start":{"line":4,"column":38},"end":{"line":4,"column":83}},"5":{"start":{"line":5,"column":13},"end":{"line":5,"column":129}},"6":{"start":{"line":5,"column":50},"end":{"line":5,"column":128}},"7":{"start":{"line":6,"column":13},"end":{"line":6,"column":127}},"8":{"start":{"line":6,"column":49},"end":{"line":6,"column":126}},"9":{"start":{"line":7,"column":13},"end":{"line":7,"column":109}},"10":{"start":{"line":7,"column":41},"end":{"line":7,"column":108}}},"fnMap":{"0":{"name":"(anonymous_12)","decl":{"start":{"line":4,"column":24},"end":{"line":4,"column":29}},"loc":{"start":{"line":4,"column":34},"end":{"line":4,"column":83}}},"1":{"name":"(anonymous_15)","decl":{"start":{"line":5,"column":25},"end":{"line":5,"column":32}},"loc":{"start":{"line":5,"column":44},"end":{"line":5,"column":128}}},"2":{"name":"(anonymous_18)","decl":{"start":{"line":6,"column":24},"end":{"line":6,"column":31}},"loc":{"start":{"line":6,"column":43},"end":{"line":6,"column":126}}},"3":{"name":"(anonymous_21)","decl":{"start":{"line":7,"column":27},"end":{"line":7,"column":32}},"loc":{"start":{"line":7,"column":37},"end":{"line":7,"column":108}}}},"branchMap":{},"s":{"0":4,"1":4,"2":4,"3":4,"4":0,"5":4,"6":0,"7":4,"8":0,"9":4,"10":0},"f":{"0":0,"1":0,"2":0,"3":0},"b":{}}
,"/Users/utting/htdocs/ash/self/src/api/boundary.ts": {"path":"/Users/utting/htdocs/ash/self/src/api/boundary.ts","statementMap":{"0":{"start":{"line":1,"column":0},"end":{"line":7,"column":114}},"1":{"start":{"line":1,"column":0},"end":{"line":1,"column":30}},"2":{"start":{"line":2,"column":8},"end":{"line":2,"column":25}},"3":{"start":{"line":4,"column":13},"end":{"line":4,"column":90}},"4":{"start":{"line":4,"column":41},"end":{"line":4,"column":89}},"5":{"start":{"line":5,"column":13},"end":{"line":5,"column":141}},"6":{"start":{"line":5,"column":56},"end":{"line":5,"column":140}},"7":{"start":{"line":6,"column":13},"end":{"line":6,"column":139}},"8":{"start":{"line":6,"column":55},"end":{"line":6,"column":138}},"9":{"start":{"line":7,"column":13},"end":{"line":7,"column":115}},"10":{"start":{"line":7,"column":44},"end":{"line":7,"column":114}}},"fnMap":{"0":{"name":"(anonymous_12)","decl":{"start":{"line":4,"column":27},"end":{"line":4,"column":32}},"loc":{"start":{"line":4,"column":37},"end":{"line":4,"column":89}}},"1":{"name":"(anonymous_15)","decl":{"start":{"line":5,"column":28},"end":{"line":5,"column":35}},"loc":{"start":{"line":5,"column":50},"end":{"line":5,"column":140}}},"2":{"name":"(anonymous_18)","decl":{"start":{"line":6,"column":27},"end":{"line":6,"column":34}},"loc":{"start":{"line":6,"column":49},"end":{"line":6,"column":138}}},"3":{"name":"(anonymous_21)","decl":{"start":{"line":7,"column":30},"end":{"line":7,"column":35}},"loc":{"start":{"line":7,"column":40},"end":{"line":7,"column":114}}}},"branchMap":{},"s":{"0":4,"1":4,"2":4,"3":4,"4":0,"5":4,"6":0,"7":4,"8":0,"9":4,"10":0},"f":{"0":0,"1":0,"2":0,"3":0},"b":{}}
,"/Users/utting/htdocs/ash/self/src/api/index.ts": {"path":"/Users/utting/htdocs/ash/self/src/api/index.ts","statementMap":{"0":{"start":{"line":1,"column":0},"end":{"line":1,"column":24}},"1":{"start":{"line":2,"column":0},"end":{"line":2,"column":27}},"2":{"start":{"line":3,"column":0},"end":{"line":3,"column":24}},"3":{"start":{"line":4,"column":0},"end":{"line":4,"column":27}},"4":{"start":{"line":5,"column":0},"end":{"line":5,"column":32}}},"fnMap":{},"branchMap":{},"s":{"0":4,"1":4,"2":4,"3":4,"4":4},"f":{},"b":{}}
,"/Users/utting/htdocs/ash/self/src/api/selfPity.ts": {"path":"/Users/utting/htdocs/ash/self/src/api/selfPity.ts","statementMap":{"0":{"start":{"line":1,"column":0},"end":{"line":7,"column":114}},"1":{"start":{"line":1,"column":0},"end":{"line":1,"column":30}},"2":{"start":{"line":2,"column":8},"end":{"line":2,"column":25}},"3":{"start":{"line":4,"column":13},"end":{"line":4,"column":90}},"4":{"start":{"line":4,"column":41},"end":{"line":4,"column":89}},"5":{"start":{"line":5,"column":13},"end":{"line":5,"column":141}},"6":{"start":{"line":5,"column":56},"end":{"line":5,"column":140}},"7":{"start":{"line":6,"column":13},"end":{"line":6,"column":139}},"8":{"start":{"line":6,"column":55},"end":{"line":6,"column":138}},"9":{"start":{"line":7,"column":13},"end":{"line":7,"column":115}},"10":{"start":{"line":7,"column":44},"end":{"line":7,"column":114}}},"fnMap":{"0":{"name":"(anonymous_12)","decl":{"start":{"line":4,"column":27},"end":{"line":4,"column":32}},"loc":{"start":{"line":4,"column":37},"end":{"line":4,"column":89}}},"1":{"name":"(anonymous_15)","decl":{"start":{"line":5,"column":28},"end":{"line":5,"column":35}},"loc":{"start":{"line":5,"column":50},"end":{"line":5,"column":140}}},"2":{"name":"(anonymous_18)","decl":{"start":{"line":6,"column":27},"end":{"line":6,"column":34}},"loc":{"start":{"line":6,"column":49},"end":{"line":6,"column":138}}},"3":{"name":"(anonymous_21)","decl":{"start":{"line":7,"column":30},"end":{"line":7,"column":35}},"loc":{"start":{"line":7,"column":40},"end":{"line":7,"column":114}}}},"branchMap":{},"s":{"0":4,"1":4,"2":4,"3":4,"4":0,"5":4,"6":0,"7":4,"8":0,"9":4,"10":0},"f":{"0":0,"1":0,"2":0,"3":0},"b":{}}
,"/Users/utting/htdocs/ash/self/src/api/vulnerability.ts": {"path":"/Users/utting/htdocs/ash/self/src/api/vulnerability.ts","statementMap":{"0":{"start":{"line":1,"column":0},"end":{"line":13,"column":44}},"1":{"start":{"line":1,"column":0},"end":{"line":1,"column":30}},"2":{"start":{"line":2,"column":8},"end":{"line":2,"column":25}},"3":{"start":{"line":4,"column":13},"end":{"line":5,"column":58}},"4":{"start":{"line":5,"column":4},"end":{"line":5,"column":57}},"5":{"start":{"line":6,"column":13},"end":{"line":7,"column":91}},"6":{"start":{"line":7,"column":4},"end":{"line":7,"column":90}},"7":{"start":{"line":8,"column":13},"end":{"line":9,"column":90}},"8":{"start":{"line":9,"column":4},"end":{"line":9,"column":89}},"9":{"start":{"line":10,"column":13},"end":{"line":13,"column":45}},"10":{"start":{"line":10,"column":49},"end":{"line":13,"column":44}},"11":{"start":{"line":13,"column":19},"end":{"line":13,"column":42}}},"fnMap":{"0":{"name":"(anonymous_12)","decl":{"start":{"line":4,"column":32},"end":{"line":4,"column":37}},"loc":{"start":{"line":4,"column":42},"end":{"line":5,"column":57}}},"1":{"name":"(anonymous_15)","decl":{"start":{"line":6,"column":33},"end":{"line":6,"column":40}},"loc":{"start":{"line":6,"column":60},"end":{"line":7,"column":90}}},"2":{"name":"(anonymous_18)","decl":{"start":{"line":8,"column":32},"end":{"line":8,"column":39}},"loc":{"start":{"line":8,"column":59},"end":{"line":9,"column":89}}},"3":{"name":"(anonymous_21)","decl":{"start":{"line":10,"column":35},"end":{"line":10,"column":40}},"loc":{"start":{"line":10,"column":45},"end":{"line":13,"column":44}}},"4":{"name":"(anonymous_24)","decl":{"start":{"line":13,"column":9},"end":{"line":13,"column":8}},"loc":{"start":{"line":13,"column":14},"end":{"line":13,"column":42}}}},"branchMap":{},"s":{"0":4,"1":4,"2":4,"3":4,"4":0,"5":4,"6":0,"7":4,"8":0,"9":4,"10":0,"11":0},"f":{"0":0,"1":0,"2":0,"3":0,"4":0},"b":{}}
,"/Users/utting/htdocs/ash/self/src/classes/Guardian.ts": {"path":"/Users/utting/htdocs/ash/self/src/classes/Guardian.ts","statementMap":{"0":{"start":{"line":1,"column":0},"end":{"line":1,"column":27}},"1":{"start":{"line":2,"column":0},"end":{"line":2,"column":30}},"2":{"start":{"line":3,"column":0},"end":{"line":3,"column":47}},"3":{"start":{"line":4,"column":0},"end":{"line":4,"column":37}},"4":{"start":{"line":6,"column":0},"end":{"line":6,"column":43}},"5":{"start":{"line":6,"column":38},"end":{"line":6,"column":43}},"6":{"start":{"line":6,"column":0},"end":{"line":38,"column":0}},"7":{"start":{"line":7,"column":4},"end":{"line":7,"column":33}},"8":{"start":{"line":8,"column":4},"end":{"line":8,"column":33}},"9":{"start":{"line":9,"column":4},"end":{"line":9,"column":34}},"10":{"start":{"line":11,"column":4},"end":{"line":15,"column":7}},"11":{"start":{"line":11,"column":26},"end":{"line":15,"column":7}},"12":{"start":{"line":16,"column":11},"end":{"line":20,"column":5}},"13":{"start":{"line":17,"column":22},"end":{"line":17,"column":56}},"14":{"start":{"line":17,"column":14},"end":{"line":17,"column":56}},"15":{"start":{"line":18,"column":19},"end":{"line":18,"column":56}},"16":{"start":{"line":18,"column":8},"end":{"line":18,"column":57}},"17":{"start":{"line":19,"column":8},"end":{"line":19,"column":43}},"18":{"start":{"line":21,"column":4},"end":{"line":24,"column":5}},"19":{"start":{"line":22,"column":8},"end":{"line":22,"column":83}},"20":{"start":{"line":23,"column":8},"end":{"line":23,"column":61}},"21":{"start":{"line":25,"column":4},"end":{"line":26,"column":85}},"22":{"start":{"line":25,"column":30},"end":{"line":26,"column":85}},"23":{"start":{"line":26,"column":43},"end":{"line":26,"column":83}},"24":{"start":{"line":27,"column":4},"end":{"line":28,"column":84}},"25":{"start":{"line":27,"column":39},"end":{"line":28,"column":84}},"26":{"start":{"line":28,"column":43},"end":{"line":28,"column":82}},"27":{"start":{"line":29,"column":4},"end":{"line":30,"column":84}},"28":{"start":{"line":29,"column":39},"end":{"line":30,"column":84}},"29":{"start":{"line":30,"column":43},"end":{"line":30,"column":82}},"30":{"start":{"line":31,"column":4},"end":{"line":37,"column":57}},"31":{"start":{"line":31,"column":33},"end":{"line":37,"column":57}},"32":{"start":{"line":33,"column":44},"end":{"line":34,"column":113}},"33":{"start":{"line":34,"column":51},"end":{"line":34,"column":111}},"34":{"start":{"line":35,"column":28},"end":{"line":35,"column":55}},"35":{"start":{"line":37,"column":37},"end":{"line":37,"column":55}},"36":{"start":{"line":10,"column":4},"end":{"line":10,"column":50}},"37":{"start":{"line":10,"column":21},"end":{"line":10,"column":48}},"38":{"start":{"line":38,"column":0},"end":{"line":38,"column":1}}},"fnMap":{"0":{"name":"(anonymous_20)","decl":{"start":{"line":6,"column":0},"end":{"line":null,"column":-1}},"loc":{"start":{"line":6,"column":0},"end":{"line":6,"column":-1}}},"1":{"name":"(anonymous_22)","decl":{"start":{"line":11,"column":20},"end":{"line":11,"column":25}},"loc":{"start":{"line":11,"column":20},"end":{"line":15,"column":7}}},"2":{"name":"(anonymous_23)","decl":{"start":{"line":16,"column":27},"end":{"line":16,"column":34}},"loc":{"start":{"line":16,"column":43},"end":{"line":20,"column":5}}},"3":{"name":"(anonymous_26)","decl":{"start":{"line":21,"column":21},"end":{"line":21,"column":28}},"loc":{"start":{"line":21,"column":48},"end":{"line":24,"column":5}}},"4":{"name":"(anonymous_29)","decl":{"start":{"line":25,"column":18},"end":{"line":null,"column":-1}},"loc":{"start":{"line":25,"column":18},"end":{"line":26,"column":85}}},"5":{"name":"(anonymous_32)","decl":{"start":{"line":26,"column":31},"end":{"line":26,"column":30}},"loc":{"start":{"line":26,"column":39},"end":{"line":26,"column":83}}},"6":{"name":"(anonymous_33)","decl":{"start":{"line":27,"column":21},"end":{"line":27,"column":26}},"loc":{"start":{"line":27,"column":35},"end":{"line":28,"column":84}}},"7":{"name":"(anonymous_36)","decl":{"start":{"line":28,"column":31},"end":{"line":28,"column":30}},"loc":{"start":{"line":28,"column":39},"end":{"line":28,"column":82}}},"8":{"name":"(anonymous_37)","decl":{"start":{"line":29,"column":21},"end":{"line":29,"column":26}},"loc":{"start":{"line":29,"column":35},"end":{"line":30,"column":84}}},"9":{"name":"(anonymous_40)","decl":{"start":{"line":30,"column":31},"end":{"line":30,"column":30}},"loc":{"start":{"line":30,"column":39},"end":{"line":30,"column":82}}},"10":{"name":"(anonymous_41)","decl":{"start":{"line":31,"column":21},"end":{"line":null,"column":-1}},"loc":{"start":{"line":31,"column":21},"end":{"line":37,"column":57}}},"11":{"name":"(anonymous_44)","decl":{"start":{"line":32,"column":31},"end":{"line":null,"column":-1}},"loc":{"start":{"line":32,"column":31},"end":{"line":36,"column":25}}},"12":{"name":"(anonymous_45)","decl":{"start":{"line":34,"column":38},"end":{"line":34,"column":37}},"loc":{"start":{"line":34,"column":47},"end":{"line":34,"column":111}}},"13":{"name":"(anonymous_46)","decl":{"start":{"line":37,"column":31},"end":{"line":37,"column":36}},"loc":{"start":{"line":37,"column":31},"end":{"line":37,"column":55}}},"14":{"name":"(anonymous_47)","decl":{"start":{"line":10,"column":4},"end":{"line":10,"column":20}},"loc":{"start":{"line":10,"column":4},"end":{"line":10,"column":50}}}},"branchMap":{"0":{"loc":{"start":{"line":6,"column":0},"end":{"line":38,"column":0}},"type":"binary-expr","locations":[{"start":{"line":6,"column":0},"end":{"line":38,"column":0}},{"start":{"line":6,"column":0},"end":{"line":38,"column":0}},{"start":{"line":6,"column":0},"end":{"line":38,"column":0}}]}},"s":{"0":2,"1":2,"2":2,"3":2,"4":2,"5":2,"6":8,"7":8,"8":8,"9":8,"10":8,"11":7,"12":8,"13":3,"14":3,"15":3,"16":3,"17":3,"18":8,"19":13,"20":13,"21":8,"22":3,"23":3,"24":8,"25":7,"26":7,"27":8,"28":3,"29":3,"30":8,"31":1,"32":1,"33":3,"34":1,"35":1,"36":2,"37":0,"38":2},"f":{"0":10,"1":7,"2":3,"3":13,"4":3,"5":3,"6":7,"7":7,"8":3,"9":3,"10":1,"11":1,"12":3,"13":1,"14":0},"b":{"0":[8,8,0]}}
,"/Users/utting/htdocs/ash/self/src/classes/Seeker.ts": {"path":"/Users/utting/htdocs/ash/self/src/classes/Seeker.ts","statementMap":{"0":{"start":{"line":1,"column":0},"end":{"line":1,"column":25}},"1":{"start":{"line":2,"column":0},"end":{"line":2,"column":33}},"2":{"start":{"line":3,"column":0},"end":{"line":3,"column":30}},"3":{"start":{"line":4,"column":0},"end":{"line":4,"column":44}},"4":{"start":{"line":5,"column":0},"end":{"line":5,"column":37}},"5":{"start":{"line":7,"column":0},"end":{"line":7,"column":40}},"6":{"start":{"line":7,"column":36},"end":{"line":7,"column":40}},"7":{"start":{"line":7,"column":0},"end":{"line":37,"column":0}},"8":{"start":{"line":8,"column":4},"end":{"line":8,"column":30}},"9":{"start":{"line":9,"column":4},"end":{"line":9,"column":30}},"10":{"start":{"line":10,"column":4},"end":{"line":10,"column":30}},"11":{"start":{"line":12,"column":4},"end":{"line":16,"column":7}},"12":{"start":{"line":12,"column":23},"end":{"line":16,"column":7}},"13":{"start":{"line":17,"column":12},"end":{"line":20,"column":5}},"14":{"start":{"line":18,"column":8},"end":{"line":18,"column":92}},"15":{"start":{"line":19,"column":8},"end":{"line":19,"column":63}},"16":{"start":{"line":21,"column":12},"end":{"line":25,"column":5}},"17":{"start":{"line":22,"column":14},"end":{"line":22,"column":37}},"18":{"start":{"line":23,"column":8},"end":{"line":23,"column":42}},"19":{"start":{"line":23,"column":8},"end":{"line":23,"column":43}},"20":{"start":{"line":24,"column":8},"end":{"line":24,"column":40}},"21":{"start":{"line":26,"column":4},"end":{"line":27,"column":89}},"22":{"start":{"line":26,"column":35},"end":{"line":27,"column":89}},"23":{"start":{"line":27,"column":43},"end":{"line":27,"column":87}},"24":{"start":{"line":28,"column":4},"end":{"line":29,"column":90}},"25":{"start":{"line":28,"column":49},"end":{"line":29,"column":90}},"26":{"start":{"line":29,"column":43},"end":{"line":29,"column":87}},"27":{"start":{"line":30,"column":4},"end":{"line":31,"column":90}},"28":{"start":{"line":30,"column":49},"end":{"line":31,"column":90}},"29":{"start":{"line":31,"column":43},"end":{"line":31,"column":87}},"30":{"start":{"line":32,"column":4},"end":{"line":36,"column":80}},"31":{"start":{"line":32,"column":38},"end":{"line":36,"column":80}},"32":{"start":{"line":34,"column":28},"end":{"line":34,"column":132}},"33":{"start":{"line":34,"column":68},"end":{"line":34,"column":130}},"34":{"start":{"line":36,"column":47},"end":{"line":36,"column":78}},"35":{"start":{"line":11,"column":4},"end":{"line":11,"column":45}},"36":{"start":{"line":11,"column":19},"end":{"line":11,"column":43}},"37":{"start":{"line":37,"column":0},"end":{"line":37,"column":1}}},"fnMap":{"0":{"name":"(anonymous_20)","decl":{"start":{"line":7,"column":0},"end":{"line":null,"column":-1}},"loc":{"start":{"line":7,"column":0},"end":{"line":7,"column":-1}}},"1":{"name":"(anonymous_22)","decl":{"start":{"line":12,"column":17},"end":{"line":12,"column":22}},"loc":{"start":{"line":12,"column":17},"end":{"line":16,"column":7}}},"2":{"name":"(anonymous_23)","decl":{"start":{"line":17,"column":34},"end":{"line":17,"column":35}},"loc":{"start":{"line":17,"column":57},"end":{"line":20,"column":5}}},"3":{"name":"(anonymous_24)","decl":{"start":{"line":21,"column":26},"end":{"line":21,"column":33}},"loc":{"start":{"line":21,"column":39},"end":{"line":25,"column":5}}},"4":{"name":"(anonymous_27)","decl":{"start":{"line":26,"column":23},"end":{"line":null,"column":-1}},"loc":{"start":{"line":26,"column":23},"end":{"line":27,"column":89}}},"5":{"name":"(anonymous_30)","decl":{"start":{"line":27,"column":31},"end":{"line":27,"column":30}},"loc":{"start":{"line":27,"column":39},"end":{"line":27,"column":87}}},"6":{"name":"(anonymous_31)","decl":{"start":{"line":28,"column":26},"end":{"line":28,"column":31}},"loc":{"start":{"line":28,"column":45},"end":{"line":29,"column":90}}},"7":{"name":"(anonymous_34)","decl":{"start":{"line":29,"column":31},"end":{"line":29,"column":30}},"loc":{"start":{"line":29,"column":39},"end":{"line":29,"column":87}}},"8":{"name":"(anonymous_35)","decl":{"start":{"line":30,"column":26},"end":{"line":30,"column":31}},"loc":{"start":{"line":30,"column":45},"end":{"line":31,"column":90}}},"9":{"name":"(anonymous_38)","decl":{"start":{"line":31,"column":31},"end":{"line":31,"column":30}},"loc":{"start":{"line":31,"column":39},"end":{"line":31,"column":87}}},"10":{"name":"(anonymous_39)","decl":{"start":{"line":32,"column":26},"end":{"line":null,"column":-1}},"loc":{"start":{"line":32,"column":26},"end":{"line":36,"column":80}}},"11":{"name":"(anonymous_42)","decl":{"start":{"line":33,"column":31},"end":{"line":null,"column":-1}},"loc":{"start":{"line":33,"column":31},"end":{"line":34,"column":132}}},"12":{"name":"(anonymous_43)","decl":{"start":{"line":34,"column":60},"end":{"line":34,"column":59}},"loc":{"start":{"line":34,"column":64},"end":{"line":34,"column":130}}},"13":{"name":"(anonymous_44)","decl":{"start":{"line":36,"column":32},"end":{"line":36,"column":37}},"loc":{"start":{"line":36,"column":43},"end":{"line":36,"column":78}}},"14":{"name":"(anonymous_47)","decl":{"start":{"line":11,"column":4},"end":{"line":11,"column":18}},"loc":{"start":{"line":11,"column":4},"end":{"line":11,"column":45}}}},"branchMap":{"0":{"loc":{"start":{"line":7,"column":0},"end":{"line":37,"column":0}},"type":"binary-expr","locations":[{"start":{"line":7,"column":0},"end":{"line":37,"column":0}},{"start":{"line":7,"column":0},"end":{"line":37,"column":0}},{"start":{"line":7,"column":0},"end":{"line":37,"column":0}}]}},"s":{"0":1,"1":1,"2":1,"3":1,"4":1,"5":1,"6":1,"7":6,"8":6,"9":6,"10":6,"11":6,"12":6,"13":6,"14":10,"15":10,"16":6,"17":2,"18":2,"19":2,"20":2,"21":6,"22":3,"23":3,"24":6,"25":4,"26":4,"27":6,"28":3,"29":3,"30":6,"31":2,"32":0,"33":0,"34":4,"35":1,"36":0,"37":1},"f":{"0":7,"1":6,"2":10,"3":2,"4":3,"5":3,"6":4,"7":4,"8":3,"9":3,"10":2,"11":0,"12":0,"13":2,"14":0},"b":{"0":[6,6,6]}}
,"/Users/utting/htdocs/ash/self/src/classes/Self.ts": {"path":"/Users/utting/htdocs/ash/self/src/classes/Self.ts","statementMap":{"0":{"start":{"line":1,"column":0},"end":{"line":1,"column":30}},"1":{"start":{"line":2,"column":0},"end":{"line":8,"column":22}},"2":{"start":{"line":9,"column":0},"end":{"line":9,"column":37}},"3":{"start":{"line":11,"column":0},"end":{"line":82,"column":0}},"4":{"start":{"line":12,"column":4},"end":{"line":12,"column":21}},"5":{"start":{"line":14,"column":4},"end":{"line":14,"column":29}},"6":{"start":{"line":15,"column":4},"end":{"line":15,"column":28}},"7":{"start":{"line":16,"column":4},"end":{"line":16,"column":29}},"8":{"start":{"line":17,"column":4},"end":{"line":17,"column":29}},"9":{"start":{"line":18,"column":4},"end":{"line":18,"column":31}},"10":{"start":{"line":19,"column":4},"end":{"line":19,"column":27}},"11":{"start":{"line":20,"column":4},"end":{"line":20,"column":28}},"12":{"start":{"line":22,"column":4},"end":{"line":30,"column":7}},"13":{"start":{"line":22,"column":21},"end":{"line":30,"column":7}},"14":{"start":{"line":31,"column":4},"end":{"line":50,"column":5}},"15":{"start":{"line":31,"column":37},"end":{"line":31,"column":52}},"16":{"start":{"line":32,"column":12},"end":{"line":32,"column":39}},"17":{"start":{"line":33,"column":16},"end":{"line":33,"column":20}},"18":{"start":{"line":34,"column":17},"end":{"line":34,"column":44}},"19":{"start":{"line":39,"column":17},"end":{"line":39,"column":40}},"20":{"start":{"line":40,"column":17},"end":{"line":40,"column":37}},"21":{"start":{"line":43,"column":17},"end":{"line":43,"column":38}},"22":{"start":{"line":35,"column":36},"end":{"line":35,"column":60}},"23":{"start":{"line":35,"column":22},"end":{"line":35,"column":60}},"24":{"start":{"line":36,"column":39},"end":{"line":36,"column":66}},"25":{"start":{"line":36,"column":22},"end":{"line":36,"column":66}},"26":{"start":{"line":37,"column":40},"end":{"line":37,"column":111}},"27":{"start":{"line":37,"column":105},"end":{"line":37,"column":109}},"28":{"start":{"line":37,"column":22},"end":{"line":37,"column":111}},"29":{"start":{"line":38,"column":16},"end":{"line":38,"column":58}},"30":{"start":{"line":41,"column":27},"end":{"line":41,"column":66}},"31":{"start":{"line":41,"column":16},"end":{"line":41,"column":67}},"32":{"start":{"line":42,"column":16},"end":{"line":42,"column":62}},"33":{"start":{"line":45,"column":36},"end":{"line":45,"column":72}},"34":{"start":{"line":45,"column":22},"end":{"line":45,"column":72}},"35":{"start":{"line":46,"column":39},"end":{"line":46,"column":77}},"36":{"start":{"line":46,"column":22},"end":{"line":46,"column":77}},"37":{"start":{"line":47,"column":38},"end":{"line":47,"column":90}},"38":{"start":{"line":47,"column":16},"end":{"line":47,"column":91}},"39":{"start":{"line":48,"column":16},"end":{"line":48,"column":62}},"40":{"start":{"line":51,"column":12},"end":{"line":54,"column":5}},"41":{"start":{"line":52,"column":8},"end":{"line":52,"column":64}},"42":{"start":{"line":53,"column":8},"end":{"line":53,"column":53}},"43":{"start":{"line":55,"column":4},"end":{"line":56,"column":82}},"44":{"start":{"line":55,"column":27},"end":{"line":56,"column":82}},"45":{"start":{"line":56,"column":43},"end":{"line":56,"column":80}},"46":{"start":{"line":57,"column":4},"end":{"line":58,"column":80}},"47":{"start":{"line":57,"column":33},"end":{"line":58,"column":80}},"48":{"start":{"line":58,"column":43},"end":{"line":58,"column":78}},"49":{"start":{"line":59,"column":4},"end":{"line":60,"column":82}},"50":{"start":{"line":59,"column":33},"end":{"line":60,"column":82}},"51":{"start":{"line":60,"column":43},"end":{"line":60,"column":80}},"52":{"start":{"line":61,"column":4},"end":{"line":65,"column":27}},"53":{"start":{"line":61,"column":30},"end":{"line":65,"column":27}},"54":{"start":{"line":63,"column":42},"end":{"line":63,"column":129}},"55":{"start":{"line":63,"column":83},"end":{"line":63,"column":127}},"56":{"start":{"line":64,"column":28},"end":{"line":64,"column":60}},"57":{"start":{"line":70,"column":4},"end":{"line":71,"column":85}},"58":{"start":{"line":70,"column":30},"end":{"line":71,"column":85}},"59":{"start":{"line":71,"column":43},"end":{"line":71,"column":83}},"60":{"start":{"line":72,"column":4},"end":{"line":73,"column":87}},"61":{"start":{"line":72,"column":39},"end":{"line":73,"column":87}},"62":{"start":{"line":73,"column":43},"end":{"line":73,"column":85}},"63":{"start":{"line":74,"column":4},"end":{"line":75,"column":84}},"64":{"start":{"line":74,"column":39},"end":{"line":75,"column":84}},"65":{"start":{"line":75,"column":43},"end":{"line":75,"column":82}},"66":{"start":{"line":76,"column":4},"end":{"line":80,"column":27}},"67":{"start":{"line":76,"column":33},"end":{"line":80,"column":27}},"68":{"start":{"line":78,"column":42},"end":{"line":78,"column":138}},"69":{"start":{"line":78,"column":86},"end":{"line":78,"column":136}},"70":{"start":{"line":79,"column":28},"end":{"line":79,"column":60}},"71":{"start":{"line":13,"column":4},"end":{"line":13,"column":44}},"72":{"start":{"line":13,"column":24},"end":{"line":13,"column":42}},"73":{"start":{"line":21,"column":4},"end":{"line":21,"column":41}},"74":{"start":{"line":21,"column":17},"end":{"line":21,"column":39}},"75":{"start":{"line":66,"column":12},"end":{"line":69,"column":5}},"76":{"start":{"line":67,"column":8},"end":{"line":67,"column":73}},"77":{"start":{"line":68,"column":8},"end":{"line":68,"column":56}},"78":{"start":{"line":82,"column":0},"end":{"line":82,"column":1}}},"fnMap":{"0":{"name":"(anonymous_14)","decl":{"start":{"line":11,"column":0},"end":{"line":null,"column":-1}},"loc":{"start":{"line":11,"column":0},"end":{"line":11,"column":-1}}},"1":{"name":"(anonymous_16)","decl":{"start":{"line":22,"column":15},"end":{"line":22,"column":20}},"loc":{"start":{"line":22,"column":15},"end":{"line":30,"column":7}}},"2":{"name":"(anonymous_17)","decl":{"start":{"line":31,"column":23},"end":{"line":31,"column":30}},"loc":{"start":{"line":31,"column":52},"end":{"line":50,"column":5}}},"3":{"name":"(anonymous_20)","decl":{"start":{"line":37,"column":99},"end":{"line":37,"column":104}},"loc":{"start":{"line":37,"column":99},"end":{"line":37,"column":109}}},"4":{"name":"(anonymous_21)","decl":{"start":{"line":51,"column":26},"end":{"line":51,"column":27}},"loc":{"start":{"line":51,"column":39},"end":{"line":54,"column":5}}},"5":{"name":"(anonymous_22)","decl":{"start":{"line":55,"column":15},"end":{"line":null,"column":-1}},"loc":{"start":{"line":55,"column":15},"end":{"line":56,"column":82}}},"6":{"name":"(anonymous_25)","decl":{"start":{"line":56,"column":31},"end":{"line":56,"column":30}},"loc":{"start":{"line":56,"column":39},"end":{"line":56,"column":80}}},"7":{"name":"(anonymous_26)","decl":{"start":{"line":57,"column":18},"end":{"line":57,"column":23}},"loc":{"start":{"line":57,"column":29},"end":{"line":58,"column":80}}},"8":{"name":"(anonymous_29)","decl":{"start":{"line":58,"column":31},"end":{"line":58,"column":30}},"loc":{"start":{"line":58,"column":39},"end":{"line":58,"column":78}}},"9":{"name":"(anonymous_30)","decl":{"start":{"line":59,"column":18},"end":{"line":59,"column":23}},"loc":{"start":{"line":59,"column":29},"end":{"line":60,"column":82}}},"10":{"name":"(anonymous_33)","decl":{"start":{"line":60,"column":31},"end":{"line":60,"column":30}},"loc":{"start":{"line":60,"column":39},"end":{"line":60,"column":80}}},"11":{"name":"(anonymous_34)","decl":{"start":{"line":61,"column":18},"end":{"line":null,"column":-1}},"loc":{"start":{"line":61,"column":18},"end":{"line":65,"column":27}}},"12":{"name":"(anonymous_37)","decl":{"start":{"line":62,"column":31},"end":{"line":null,"column":-1}},"loc":{"start":{"line":62,"column":31},"end":{"line":65,"column":25}}},"13":{"name":"(anonymous_38)","decl":{"start":{"line":63,"column":75},"end":{"line":63,"column":74}},"loc":{"start":{"line":63,"column":79},"end":{"line":63,"column":127}}},"14":{"name":"(anonymous_39)","decl":{"start":{"line":70,"column":18},"end":{"line":null,"column":-1}},"loc":{"start":{"line":70,"column":18},"end":{"line":71,"column":85}}},"15":{"name":"(anonymous_42)","decl":{"start":{"line":71,"column":31},"end":{"line":71,"column":30}},"loc":{"start":{"line":71,"column":39},"end":{"line":71,"column":83}}},"16":{"name":"(anonymous_43)","decl":{"start":{"line":72,"column":21},"end":{"line":72,"column":26}},"loc":{"start":{"line":72,"column":35},"end":{"line":73,"column":87}}},"17":{"name":"(anonymous_46)","decl":{"start":{"line":73,"column":31},"end":{"line":73,"column":30}},"loc":{"start":{"line":73,"column":39},"end":{"line":73,"column":85}}},"18":{"name":"(anonymous_47)","decl":{"start":{"line":74,"column":21},"end":{"line":74,"column":26}},"loc":{"start":{"line":74,"column":35},"end":{"line":75,"column":84}}},"19":{"name":"(anonymous_50)","decl":{"start":{"line":75,"column":31},"end":{"line":75,"column":30}},"loc":{"start":{"line":75,"column":39},"end":{"line":75,"column":82}}},"20":{"name":"(anonymous_51)","decl":{"start":{"line":76,"column":21},"end":{"line":null,"column":-1}},"loc":{"start":{"line":76,"column":21},"end":{"line":80,"column":27}}},"21":{"name":"(anonymous_54)","decl":{"start":{"line":77,"column":31},"end":{"line":null,"column":-1}},"loc":{"start":{"line":77,"column":31},"end":{"line":80,"column":25}}},"22":{"name":"(anonymous_55)","decl":{"start":{"line":78,"column":78},"end":{"line":78,"column":77}},"loc":{"start":{"line":78,"column":82},"end":{"line":78,"column":136}}},"23":{"name":"(anonymous_56)","decl":{"start":{"line":13,"column":4},"end":{"line":13,"column":13}},"loc":{"start":{"line":13,"column":19},"end":{"line":13,"column":44}}},"24":{"name":"(anonymous_57)","decl":{"start":{"line":21,"column":4},"end":{"line":21,"column":16}},"loc":{"start":{"line":21,"column":4},"end":{"line":21,"column":41}}},"25":{"name":"(anonymous_58)","decl":{"start":{"line":66,"column":4},"end":{"line":66,"column":27}},"loc":{"start":{"line":66,"column":42},"end":{"line":69,"column":5}}}},"branchMap":{"0":{"loc":{"start":{"line":31,"column":37},"end":{"line":31,"column":52}},"type":"if","locations":[{"start":{"line":31,"column":37},"end":{"line":31,"column":52}},{"start":{"line":31,"column":37},"end":{"line":31,"column":52}}]}},"s":{"0":4,"1":4,"2":4,"3":38,"4":34,"5":34,"6":34,"7":34,"8":34,"9":34,"10":34,"11":34,"12":34,"13":16,"14":34,"15":29,"16":26,"17":26,"18":3,"19":7,"20":5,"21":4,"22":3,"23":3,"24":3,"25":3,"26":3,"27":3,"28":3,"29":3,"30":12,"31":12,"32":12,"33":11,"34":11,"35":11,"36":11,"37":11,"38":11,"39":11,"40":34,"41":21,"42":21,"43":34,"44":3,"45":3,"46":34,"47":4,"48":4,"49":34,"50":14,"51":14,"52":34,"53":4,"54":4,"55":12,"56":4,"57":34,"58":3,"59":3,"60":34,"61":4,"62":4,"63":34,"64":26,"65":26,"66":34,"67":4,"68":4,"69":12,"70":4,"71":4,"72":0,"73":4,"74":0,"75":4,"76":33,"77":33,"78":4},"f":{"0":38,"1":16,"2":26,"3":3,"4":21,"5":3,"6":3,"7":4,"8":4,"9":14,"10":14,"11":4,"12":4,"13":12,"14":3,"15":3,"16":4,"17":4,"18":26,"19":26,"20":4,"21":4,"22":12,"23":0,"24":0,"25":33},"b":{"0":[3,23]}}
,"/Users/utting/htdocs/ash/self/src/classes/Smith.ts": {"path":"/Users/utting/htdocs/ash/self/src/classes/Smith.ts","statementMap":{"0":{"start":{"line":1,"column":0},"end":{"line":1,"column":21}},"1":{"start":{"line":2,"column":0},"end":{"line":2,"column":30}},"2":{"start":{"line":3,"column":0},"end":{"line":9,"column":22}},"3":{"start":{"line":10,"column":0},"end":{"line":10,"column":37}},"4":{"start":{"line":12,"column":0},"end":{"line":12,"column":39}},"5":{"start":{"line":12,"column":35},"end":{"line":12,"column":39}},"6":{"start":{"line":12,"column":0},"end":{"line":54,"column":0}},"7":{"start":{"line":13,"column":4},"end":{"line":13,"column":33}},"8":{"start":{"line":14,"column":4},"end":{"line":14,"column":32}},"9":{"start":{"line":15,"column":4},"end":{"line":15,"column":33}},"10":{"start":{"line":16,"column":4},"end":{"line":16,"column":35}},"11":{"start":{"line":18,"column":4},"end":{"line":23,"column":7}},"12":{"start":{"line":18,"column":23},"end":{"line":23,"column":7}},"13":{"start":{"line":24,"column":12},"end":{"line":28,"column":5}},"14":{"start":{"line":25,"column":8},"end":{"line":25,"column":50}},"15":{"start":{"line":25,"column":8},"end":{"line":25,"column":51}},"16":{"start":{"line":26,"column":8},"end":{"line":26,"column":68}},"17":{"start":{"line":27,"column":8},"end":{"line":27,"column":55}},"18":{"start":{"line":29,"column":4},"end":{"line":31,"column":96}},"19":{"start":{"line":29,"column":27},"end":{"line":31,"column":96}},"20":{"start":{"line":30,"column":27},"end":{"line":30,"column":53}},"21":{"start":{"line":31,"column":35},"end":{"line":31,"column":94}},"22":{"start":{"line":32,"column":4},"end":{"line":34,"column":85}},"23":{"start":{"line":32,"column":33},"end":{"line":34,"column":85}},"24":{"start":{"line":33,"column":27},"end":{"line":33,"column":53}},"25":{"start":{"line":34,"column":25},"end":{"line":34,"column":83}},"26":{"start":{"line":35,"column":4},"end":{"line":40,"column":71}},"27":{"start":{"line":35,"column":33},"end":{"line":35,"column":42}},"28":{"start":{"line":35,"column":48},"end":{"line":40,"column":71}},"29":{"start":{"line":37,"column":26},"end":{"line":37,"column":76}},"30":{"start":{"line":37,"column":18},"end":{"line":37,"column":76}},"31":{"start":{"line":38,"column":12},"end":{"line":38,"column":43}},"32":{"start":{"line":40,"column":25},"end":{"line":40,"column":69}},"33":{"start":{"line":41,"column":4},"end":{"line":53,"column":57}},"34":{"start":{"line":41,"column":30},"end":{"line":53,"column":57}},"35":{"start":{"line":43,"column":18},"end":{"line":43,"column":42}},"36":{"start":{"line":44,"column":18},"end":{"line":44,"column":50}},"37":{"start":{"line":45,"column":36},"end":{"line":45,"column":94}},"38":{"start":{"line":45,"column":18},"end":{"line":45,"column":94}},"39":{"start":{"line":46,"column":17},"end":{"line":46,"column":32}},"40":{"start":{"line":47,"column":16},"end":{"line":47,"column":94}},"41":{"start":{"line":47,"column":44},"end":{"line":47,"column":91}},"42":{"start":{"line":48,"column":16},"end":{"line":48,"column":124}},"43":{"start":{"line":48,"column":82},"end":{"line":48,"column":121}},"44":{"start":{"line":49,"column":38},"end":{"line":49,"column":77}},"45":{"start":{"line":49,"column":22},"end":{"line":49,"column":77}},"46":{"start":{"line":50,"column":16},"end":{"line":50,"column":56}},"47":{"start":{"line":53,"column":25},"end":{"line":53,"column":55}},"48":{"start":{"line":17,"column":4},"end":{"line":17,"column":44}},"49":{"start":{"line":17,"column":18},"end":{"line":17,"column":42}},"50":{"start":{"line":54,"column":0},"end":{"line":54,"column":1}}},"fnMap":{"0":{"name":"(anonymous_20)","decl":{"start":{"line":12,"column":0},"end":{"line":null,"column":-1}},"loc":{"start":{"line":12,"column":0},"end":{"line":12,"column":-1}}},"1":{"name":"(anonymous_22)","decl":{"start":{"line":18,"column":17},"end":{"line":18,"column":22}},"loc":{"start":{"line":18,"column":17},"end":{"line":23,"column":7}}},"2":{"name":"(anonymous_23)","decl":{"start":{"line":24,"column":26},"end":{"line":24,"column":33}},"loc":{"start":{"line":24,"column":53},"end":{"line":28,"column":5}}},"3":{"name":"(anonymous_26)","decl":{"start":{"line":29,"column":15},"end":{"line":null,"column":-1}},"loc":{"start":{"line":29,"column":15},"end":{"line":31,"column":96}}},"4":{"name":"(anonymous_29)","decl":{"start":{"line":30,"column":15},"end":{"line":30,"column":14}},"loc":{"start":{"line":30,"column":23},"end":{"line":30,"column":53}}},"5":{"name":"(anonymous_30)","decl":{"start":{"line":31,"column":16},"end":{"line":31,"column":23}},"loc":{"start":{"line":31,"column":29},"end":{"line":31,"column":94}}},"6":{"name":"(anonymous_33)","decl":{"start":{"line":32,"column":18},"end":{"line":32,"column":23}},"loc":{"start":{"line":32,"column":29},"end":{"line":34,"column":85}}},"7":{"name":"(anonymous_36)","decl":{"start":{"line":33,"column":15},"end":{"line":33,"column":14}},"loc":{"start":{"line":33,"column":23},"end":{"line":33,"column":53}}},"8":{"name":"(anonymous_37)","decl":{"start":{"line":34,"column":16},"end":{"line":34,"column":15}},"loc":{"start":{"line":34,"column":21},"end":{"line":34,"column":83}}},"9":{"name":"(anonymous_38)","decl":{"start":{"line":35,"column":18},"end":{"line":35,"column":25}},"loc":{"start":{"line":35,"column":42},"end":{"line":40,"column":71}}},"10":{"name":"(anonymous_41)","decl":{"start":{"line":36,"column":15},"end":{"line":36,"column":22}},"loc":{"start":{"line":36,"column":31},"end":{"line":39,"column":9}}},"11":{"name":"(anonymous_44)","decl":{"start":{"line":40,"column":16},"end":{"line":40,"column":15}},"loc":{"start":{"line":40,"column":21},"end":{"line":40,"column":69}}},"12":{"name":"(anonymous_45)","decl":{"start":{"line":41,"column":18},"end":{"line":null,"column":-1}},"loc":{"start":{"line":41,"column":18},"end":{"line":53,"column":57}}},"13":{"name":"(anonymous_48)","decl":{"start":{"line":42,"column":15},"end":{"line":null,"column":-1}},"loc":{"start":{"line":42,"column":15},"end":{"line":52,"column":9}}},"14":{"name":"(anonymous_51)","decl":{"start":{"line":47,"column":30},"end":{"line":47,"column":35}},"loc":{"start":{"line":47,"column":40},"end":{"line":47,"column":91}}},"15":{"name":"(anonymous_54)","decl":{"start":{"line":48,"column":69},"end":{"line":48,"column":68}},"loc":{"start":{"line":48,"column":78},"end":{"line":48,"column":121}}},"16":{"name":"(anonymous_55)","decl":{"start":{"line":53,"column":16},"end":{"line":53,"column":15}},"loc":{"start":{"line":53,"column":21},"end":{"line":53,"column":55}}},"17":{"name":"(anonymous_56)","decl":{"start":{"line":17,"column":4},"end":{"line":17,"column":17}},"loc":{"start":{"line":17,"column":4},"end":{"line":17,"column":44}}}},"branchMap":{"0":{"loc":{"start":{"line":12,"column":0},"end":{"line":54,"column":0}},"type":"binary-expr","locations":[{"start":{"line":12,"column":0},"end":{"line":54,"column":0}},{"start":{"line":12,"column":0},"end":{"line":54,"column":0}},{"start":{"line":12,"column":0},"end":{"line":54,"column":0}}]},"1":{"loc":{"start":{"line":35,"column":33},"end":{"line":35,"column":42}},"type":"if","locations":[{"start":{"line":35,"column":33},"end":{"line":35,"column":42}},{"start":{"line":35,"column":33},"end":{"line":35,"column":42}}]}},"s":{"0":3,"1":3,"2":3,"3":3,"4":3,"5":3,"6":13,"7":13,"8":13,"9":13,"10":13,"11":13,"12":8,"13":13,"14":19,"15":19,"16":19,"17":19,"18":13,"19":3,"20":3,"21":3,"22":13,"23":4,"24":4,"25":4,"26":13,"27":9,"28":6,"29":6,"30":6,"31":6,"32":6,"33":13,"34":2,"35":2,"36":2,"37":2,"38":2,"39":0,"40":2,"41":28,"42":2,"43":8,"44":2,"45":2,"46":2,"47":0,"48":3,"49":0,"50":3},"f":{"0":16,"1":8,"2":19,"3":3,"4":3,"5":3,"6":4,"7":4,"8":4,"9":6,"10":6,"11":6,"12":2,"13":2,"14":14,"15":8,"16":0,"17":0},"b":{"0":[13,13,13],"1":[3,3]}}
,"/Users/utting/htdocs/ash/self/src/classes/index.ts": {"path":"/Users/utting/htdocs/ash/self/src/classes/index.ts","statementMap":{"0":{"start":{"line":1,"column":0},"end":{"line":1,"column":25}},"1":{"start":{"line":2,"column":0},"end":{"line":2,"column":27}},"2":{"start":{"line":4,"column":9},"end":{"line":4,"column":14}},"3":{"start":{"line":3,"column":0},"end":{"line":3,"column":20}}},"fnMap":{},"branchMap":{},"s":{"0":3,"1":3,"2":3,"3":3},"f":{},"b":{}}
}
