TN:
SF:/Users/utting/htdocs/ash/self/src/config.ts
FNF:0
FNH:0
DA:4,4
DA:5,4
DA:6,4
DA:8,4
LF:4
LH:4
BRDA:4,0,0,4
BRDA:4,0,1,4
BRDA:6,1,0,0
BRDA:6,1,1,4
BRDA:10,2,0,4
BRDA:10,2,1,4
BRF:6
BRH:5
end_of_record
TN:
SF:/Users/utting/htdocs/ash/self/src/constants.ts
FNF:0
FNH:0
DA:1,4
DA:2,4
DA:3,4
DA:4,4
DA:6,4
DA:7,4
DA:8,4
DA:9,4
DA:10,4
LF:9
LH:9
BRF:0
BRH:0
end_of_record
TN:
SF:/Users/utting/htdocs/ash/self/src/api/anger.ts
FN:4,(anonymous_12)
FN:5,(anonymous_15)
FN:6,(anonymous_18)
FN:7,(anonymous_21)
FNF:4
FNH:0
FNDA:0,(anonymous_12)
FNDA:0,(anonymous_15)
FNDA:0,(anonymous_18)
FNDA:0,(anonymous_21)
DA:1,4
DA:2,4
DA:4,4
DA:5,4
DA:6,4
DA:7,4
LF:6
LH:6
BRF:0
BRH:0
end_of_record
TN:
SF:/Users/utting/htdocs/ash/self/src/api/armor.ts
FN:4,(anonymous_12)
FN:5,(anonymous_15)
FN:6,(anonymous_18)
FN:7,(anonymous_21)
FNF:4
FNH:0
FNDA:0,(anonymous_12)
FNDA:0,(anonymous_15)
FNDA:0,(anonymous_18)
FNDA:0,(anonymous_21)
DA:1,4
DA:2,4
DA:4,4
DA:5,4
DA:6,4
DA:7,4
LF:6
LH:6
BRF:0
BRH:0
end_of_record
TN:
SF:/Users/utting/htdocs/ash/self/src/api/boundary.ts
FN:4,(anonymous_12)
FN:5,(anonymous_15)
FN:6,(anonymous_18)
FN:7,(anonymous_21)
FNF:4
FNH:0
FNDA:0,(anonymous_12)
FNDA:0,(anonymous_15)
FNDA:0,(anonymous_18)
FNDA:0,(anonymous_21)
DA:1,4
DA:2,4
DA:4,4
DA:5,4
DA:6,4
DA:7,4
LF:6
LH:6
BRF:0
BRH:0
end_of_record
TN:
SF:/Users/utting/htdocs/ash/self/src/api/index.ts
FNF:0
FNH:0
DA:1,4
DA:2,4
DA:3,4
DA:4,4
DA:5,4
LF:5
LH:5
BRF:0
BRH:0
end_of_record
TN:
SF:/Users/utting/htdocs/ash/self/src/api/selfPity.ts
FN:4,(anonymous_12)
FN:5,(anonymous_15)
FN:6,(anonymous_18)
FN:7,(anonymous_21)
FNF:4
FNH:0
FNDA:0,(anonymous_12)
FNDA:0,(anonymous_15)
FNDA:0,(anonymous_18)
FNDA:0,(anonymous_21)
DA:1,4
DA:2,4
DA:4,4
DA:5,4
DA:6,4
DA:7,4
LF:6
LH:6
BRF:0
BRH:0
end_of_record
TN:
SF:/Users/utting/htdocs/ash/self/src/api/vulnerability.ts
FN:4,(anonymous_12)
FN:6,(anonymous_15)
FN:8,(anonymous_18)
FN:10,(anonymous_21)
FN:13,(anonymous_24)
FNF:5
FNH:0
FNDA:0,(anonymous_12)
FNDA:0,(anonymous_15)
FNDA:0,(anonymous_18)
FNDA:0,(anonymous_21)
FNDA:0,(anonymous_24)
DA:1,4
DA:2,4
DA:4,4
DA:5,0
DA:6,4
DA:7,0
DA:8,4
DA:9,0
DA:10,4
DA:13,0
LF:10
LH:6
BRF:0
BRH:0
end_of_record
TN:
SF:/Users/utting/htdocs/ash/self/src/classes/Guardian.ts
FN:6,(anonymous_20)
FN:11,(anonymous_22)
FN:16,(anonymous_23)
FN:21,(anonymous_26)
FN:25,(anonymous_29)
FN:26,(anonymous_32)
FN:27,(anonymous_33)
FN:28,(anonymous_36)
FN:29,(anonymous_37)
FN:30,(anonymous_40)
FN:31,(anonymous_41)
FN:32,(anonymous_44)
FN:34,(anonymous_45)
FN:37,(anonymous_46)
FN:10,(anonymous_47)
FNF:15
FNH:14
FNDA:10,(anonymous_20)
FNDA:7,(anonymous_22)
FNDA:3,(anonymous_23)
FNDA:13,(anonymous_26)
FNDA:3,(anonymous_29)
FNDA:3,(anonymous_32)
FNDA:7,(anonymous_33)
FNDA:7,(anonymous_36)
FNDA:3,(anonymous_37)
FNDA:3,(anonymous_40)
FNDA:1,(anonymous_41)
FNDA:1,(anonymous_44)
FNDA:3,(anonymous_45)
FNDA:1,(anonymous_46)
FNDA:0,(anonymous_47)
DA:1,2
DA:2,2
DA:3,2
DA:4,2
DA:6,8
DA:7,8
DA:8,8
DA:9,8
DA:10,2
DA:11,8
DA:16,8
DA:17,3
DA:18,3
DA:19,3
DA:21,8
DA:22,13
DA:23,13
DA:25,8
DA:26,3
DA:27,8
DA:28,7
DA:29,8
DA:30,3
DA:31,8
DA:33,1
DA:34,3
DA:35,1
DA:37,1
DA:38,2
LF:29
LH:29
BRDA:6,0,0,8
BRDA:6,0,1,8
BRDA:6,0,2,0
BRF:3
BRH:2
end_of_record
TN:
SF:/Users/utting/htdocs/ash/self/src/classes/Seeker.ts
FN:7,(anonymous_20)
FN:12,(anonymous_22)
FN:17,(anonymous_23)
FN:21,(anonymous_24)
FN:26,(anonymous_27)
FN:27,(anonymous_30)
FN:28,(anonymous_31)
FN:29,(anonymous_34)
FN:30,(anonymous_35)
FN:31,(anonymous_38)
FN:32,(anonymous_39)
FN:33,(anonymous_42)
FN:34,(anonymous_43)
FN:36,(anonymous_44)
FN:11,(anonymous_47)
FNF:15
FNH:12
FNDA:7,(anonymous_20)
FNDA:6,(anonymous_22)
FNDA:10,(anonymous_23)
FNDA:2,(anonymous_24)
FNDA:3,(anonymous_27)
FNDA:3,(anonymous_30)
FNDA:4,(anonymous_31)
FNDA:4,(anonymous_34)
FNDA:3,(anonymous_35)
FNDA:3,(anonymous_38)
FNDA:2,(anonymous_39)
FNDA:0,(anonymous_42)
FNDA:0,(anonymous_43)
FNDA:2,(anonymous_44)
FNDA:0,(anonymous_47)
DA:1,1
DA:2,1
DA:3,1
DA:4,1
DA:5,1
DA:7,6
DA:8,6
DA:9,6
DA:10,6
DA:11,1
DA:12,6
DA:17,6
DA:18,10
DA:19,10
DA:21,6
DA:22,2
DA:23,2
DA:24,2
DA:26,6
DA:27,3
DA:28,6
DA:29,4
DA:30,6
DA:31,3
DA:32,6
DA:34,0
DA:36,4
DA:37,1
LF:28
LH:27
BRDA:7,0,0,6
BRDA:7,0,1,6
BRDA:7,0,2,6
BRF:3
BRH:3
end_of_record
TN:
SF:/Users/utting/htdocs/ash/self/src/classes/Self.ts
FN:11,(anonymous_14)
FN:22,(anonymous_16)
FN:31,(anonymous_17)
FN:37,(anonymous_20)
FN:51,(anonymous_21)
FN:55,(anonymous_22)
FN:56,(anonymous_25)
FN:57,(anonymous_26)
FN:58,(anonymous_29)
FN:59,(anonymous_30)
FN:60,(anonymous_33)
FN:61,(anonymous_34)
FN:62,(anonymous_37)
FN:63,(anonymous_38)
FN:70,(anonymous_39)
FN:71,(anonymous_42)
FN:72,(anonymous_43)
FN:73,(anonymous_46)
FN:74,(anonymous_47)
FN:75,(anonymous_50)
FN:76,(anonymous_51)
FN:77,(anonymous_54)
FN:78,(anonymous_55)
FN:13,(anonymous_56)
FN:21,(anonymous_57)
FN:66,(anonymous_58)
FNF:26
FNH:24
FNDA:38,(anonymous_14)
FNDA:16,(anonymous_16)
FNDA:26,(anonymous_17)
FNDA:3,(anonymous_20)
FNDA:21,(anonymous_21)
FNDA:3,(anonymous_22)
FNDA:3,(anonymous_25)
FNDA:4,(anonymous_26)
FNDA:4,(anonymous_29)
FNDA:14,(anonymous_30)
FNDA:14,(anonymous_33)
FNDA:4,(anonymous_34)
FNDA:4,(anonymous_37)
FNDA:12,(anonymous_38)
FNDA:3,(anonymous_39)
FNDA:3,(anonymous_42)
FNDA:4,(anonymous_43)
FNDA:4,(anonymous_46)
FNDA:26,(anonymous_47)
FNDA:26,(anonymous_50)
FNDA:4,(anonymous_51)
FNDA:4,(anonymous_54)
FNDA:12,(anonymous_55)
FNDA:0,(anonymous_56)
FNDA:0,(anonymous_57)
FNDA:33,(anonymous_58)
DA:1,4
DA:2,4
DA:9,4
DA:11,38
DA:12,34
DA:13,4
DA:14,34
DA:15,34
DA:16,34
DA:17,34
DA:18,34
DA:19,34
DA:20,34
DA:21,4
DA:22,34
DA:31,34
DA:32,26
DA:33,26
DA:34,3
DA:35,3
DA:36,3
DA:37,3
DA:38,3
DA:39,7
DA:40,5
DA:41,12
DA:42,12
DA:43,4
DA:45,11
DA:46,11
DA:47,11
DA:48,11
DA:51,34
DA:52,21
DA:53,21
DA:55,34
DA:56,3
DA:57,34
DA:58,4
DA:59,34
DA:60,14
DA:61,34
DA:63,12
DA:64,4
DA:66,4
DA:67,33
DA:68,33
DA:70,34
DA:71,3
DA:72,34
DA:73,4
DA:74,34
DA:75,26
DA:76,34
DA:78,12
DA:79,4
DA:82,4
LF:57
LH:57
BRDA:31,0,0,3
BRDA:31,0,1,23
BRF:2
BRH:2
end_of_record
TN:
SF:/Users/utting/htdocs/ash/self/src/classes/Smith.ts
FN:12,(anonymous_20)
FN:18,(anonymous_22)
FN:24,(anonymous_23)
FN:29,(anonymous_26)
FN:30,(anonymous_29)
FN:31,(anonymous_30)
FN:32,(anonymous_33)
FN:33,(anonymous_36)
FN:34,(anonymous_37)
FN:35,(anonymous_38)
FN:36,(anonymous_41)
FN:40,(anonymous_44)
FN:41,(anonymous_45)
FN:42,(anonymous_48)
FN:47,(anonymous_51)
FN:48,(anonymous_54)
FN:53,(anonymous_55)
FN:17,(anonymous_56)
FNF:18
FNH:16
FNDA:16,(anonymous_20)
FNDA:8,(anonymous_22)
FNDA:19,(anonymous_23)
FNDA:3,(anonymous_26)
FNDA:3,(anonymous_29)
FNDA:3,(anonymous_30)
FNDA:4,(anonymous_33)
FNDA:4,(anonymous_36)
FNDA:4,(anonymous_37)
FNDA:6,(anonymous_38)
FNDA:6,(anonymous_41)
FNDA:6,(anonymous_44)
FNDA:2,(anonymous_45)
FNDA:2,(anonymous_48)
FNDA:14,(anonymous_51)
FNDA:8,(anonymous_54)
FNDA:0,(anonymous_55)
FNDA:0,(anonymous_56)
DA:1,3
DA:2,3
DA:3,3
DA:10,3
DA:12,13
DA:13,13
DA:14,13
DA:15,13
DA:16,13
DA:17,3
DA:18,13
DA:24,13
DA:25,19
DA:26,19
DA:27,19
DA:29,13
DA:30,3
DA:31,3
DA:32,13
DA:33,4
DA:34,4
DA:35,13
DA:37,6
DA:38,6
DA:40,6
DA:41,13
DA:43,2
DA:44,2
DA:45,2
DA:46,0
DA:47,28
DA:48,8
DA:49,2
DA:50,2
DA:53,0
DA:54,3
LF:36
LH:34
BRDA:12,0,0,13
BRDA:12,0,1,13
BRDA:12,0,2,13
BRDA:35,1,0,3
BRDA:35,1,1,3
BRF:5
BRH:5
end_of_record
TN:
SF:/Users/utting/htdocs/ash/self/src/classes/index.ts
FNF:0
FNH:0
DA:1,3
DA:2,3
DA:3,3
DA:4,3
LF:4
LH:4
BRF:0
BRH:0
end_of_record
